<testsuites id="" name="" tests="7" failures="7" skipped="0" errors="0" time="73.14224699999998">
<testsuite name="mutual-funds\investment.spec.ts" timestamp="2026-09-22T13:34:41.767Z" hostname="chromium" tests="7" failures="7" skipped="0" time="62.948" errors="0">
<testcase name="Mutual Fund Investment @mutual-funds @investment › TC-INV-001: valid lumpsum investment above minimum succeeds and updates portfolio @smoke @regression" classname="mutual-funds\investment.spec.ts" time="9.085">
<system-out>
<![CDATA[
[[ATTACHMENT|..\test-artifacts\mutual-funds-investment-Mu-dc815--portfolio-smoke-regression-chromium\test-failed-1.png]]

[[ATTACHMENT|..\test-artifacts\mutual-funds-investment-Mu-dc815--portfolio-smoke-regression-chromium\video.webm]]

[[ATTACHMENT|..\test-artifacts\mutual-funds-investment-Mu-dc815--portfolio-smoke-regression-chromium\error-context.md]]

[[ATTACHMENT|..\test-artifacts\mutual-funds-investment-Mu-dc815--portfolio-smoke-regression-chromium\trace.zip]]
]]>
</system-out>
<failure message="expect(locator).toBeVisible() failed" type="expect.toBeVisible">
<![CDATA[  [chromium] › mutual-funds\investment.spec.ts:34:7 › Mutual Fund Investment @mutual-funds @investment › TC-INV-001: valid lumpsum investment above minimum succeeds and updates portfolio @smoke @regression 

    Error: expect(locator).toBeVisible() failed

    Locator: getByTestId('invest-now-button')
    Expected: visible
    Timeout: 5000ms
    Error: element(s) not found

    Call log:
      - Expect "toBeVisible" with timeout 5000ms
      - waiting for getByTestId('invest-now-button')


       at ..\pages\FundDetailsPage.ts:27

      25 |
      26 |   async expectLoaded() {
    > 27 |     await expect(this.investButton).toBeVisible();
         |                                     ^
      28 |   }
      29 |
      30 |   async clickInvest() {
        at FundDetailsPage.expectLoaded (C:\Users\talentfarm_learner\financial-services-playwright-automation\pages\FundDetailsPage.ts:27:37)
        at navigateToFirstFundInvestmentForm (C:\Users\talentfarm_learner\financial-services-playwright-automation\tests\mutual-funds\investment.spec.ts:30:19)
        at C:\Users\talentfarm_learner\financial-services-playwright-automation\tests\mutual-funds\investment.spec.ts:35:5

    attachment #1: screenshot (image/png) ──────────────────────────────────────────────────────────
    ..\test-artifacts\mutual-funds-investment-Mu-dc815--portfolio-smoke-regression-chromium\test-failed-1.png
    ────────────────────────────────────────────────────────────────────────────────────────────────

    attachment #2: video (video/webm) ──────────────────────────────────────────────────────────────
    ..\test-artifacts\mutual-funds-investment-Mu-dc815--portfolio-smoke-regression-chromium\video.webm
    ────────────────────────────────────────────────────────────────────────────────────────────────

    Error Context: ..\test-artifacts\mutual-funds-investment-Mu-dc815--portfolio-smoke-regression-chromium\error-context.md

    attachment #4: trace (application/zip) ─────────────────────────────────────────────────────────
    ..\test-artifacts\mutual-funds-investment-Mu-dc815--portfolio-smoke-regression-chromium\trace.zip
    Usage:

        npx playwright show-trace ..\test-artifacts\mutual-funds-investment-Mu-dc815--portfolio-smoke-regression-chromium\trace.zip

    ────────────────────────────────────────────────────────────────────────────────────────────────
]]>
</failure>
</testcase>
<testcase name="Mutual Fund Investment @mutual-funds @investment › TC-INV-002: investment below minimum amount is rejected with validation message @regression" classname="mutual-funds\investment.spec.ts" time="9.109">
<system-out>
<![CDATA[
[[ATTACHMENT|..\test-artifacts\mutual-funds-investment-Mu-0c571-lidation-message-regression-chromium\test-failed-1.png]]

[[ATTACHMENT|..\test-artifacts\mutual-funds-investment-Mu-0c571-lidation-message-regression-chromium\video.webm]]

[[ATTACHMENT|..\test-artifacts\mutual-funds-investment-Mu-0c571-lidation-message-regression-chromium\error-context.md]]

[[ATTACHMENT|..\test-artifacts\mutual-funds-investment-Mu-0c571-lidation-message-regression-chromium\trace.zip]]
]]>
</system-out>
<failure message="expect(locator).toBeVisible() failed" type="expect.toBeVisible">
<![CDATA[  [chromium] › mutual-funds\investment.spec.ts:46:7 › Mutual Fund Investment @mutual-funds @investment › TC-INV-002: investment below minimum amount is rejected with validation message @regression 

    Error: expect(locator).toBeVisible() failed

    Locator: getByTestId('invest-now-button')
    Expected: visible
    Timeout: 5000ms
    Error: element(s) not found

    Call log:
      - Expect "toBeVisible" with timeout 5000ms
      - waiting for getByTestId('invest-now-button')


       at ..\pages\FundDetailsPage.ts:27

      25 |
      26 |   async expectLoaded() {
    > 27 |     await expect(this.investButton).toBeVisible();
         |                                     ^
      28 |   }
      29 |
      30 |   async clickInvest() {
        at FundDetailsPage.expectLoaded (C:\Users\talentfarm_learner\financial-services-playwright-automation\pages\FundDetailsPage.ts:27:37)
        at navigateToFirstFundInvestmentForm (C:\Users\talentfarm_learner\financial-services-playwright-automation\tests\mutual-funds\investment.spec.ts:30:19)
        at C:\Users\talentfarm_learner\financial-services-playwright-automation\tests\mutual-funds\investment.spec.ts:47:5

    attachment #1: screenshot (image/png) ──────────────────────────────────────────────────────────
    ..\test-artifacts\mutual-funds-investment-Mu-0c571-lidation-message-regression-chromium\test-failed-1.png
    ────────────────────────────────────────────────────────────────────────────────────────────────

    attachment #2: video (video/webm) ──────────────────────────────────────────────────────────────
    ..\test-artifacts\mutual-funds-investment-Mu-0c571-lidation-message-regression-chromium\video.webm
    ────────────────────────────────────────────────────────────────────────────────────────────────

    Error Context: ..\test-artifacts\mutual-funds-investment-Mu-0c571-lidation-message-regression-chromium\error-context.md

    attachment #4: trace (application/zip) ─────────────────────────────────────────────────────────
    ..\test-artifacts\mutual-funds-investment-Mu-0c571-lidation-message-regression-chromium\trace.zip
    Usage:

        npx playwright show-trace ..\test-artifacts\mutual-funds-investment-Mu-0c571-lidation-message-regression-chromium\trace.zip

    ────────────────────────────────────────────────────────────────────────────────────────────────
]]>
</failure>
</testcase>
<testcase name="Mutual Fund Investment @mutual-funds @investment › TC-INV-003: zero amount investment is rejected @regression" classname="mutual-funds\investment.spec.ts" time="8.958">
<system-out>
<![CDATA[
[[ATTACHMENT|..\test-artifacts\mutual-funds-investment-Mu-0620f-ment-is-rejected-regression-chromium\test-failed-1.png]]

[[ATTACHMENT|..\test-artifacts\mutual-funds-investment-Mu-0620f-ment-is-rejected-regression-chromium\video.webm]]

[[ATTACHMENT|..\test-artifacts\mutual-funds-investment-Mu-0620f-ment-is-rejected-regression-chromium\error-context.md]]

[[ATTACHMENT|..\test-artifacts\mutual-funds-investment-Mu-0620f-ment-is-rejected-regression-chromium\trace.zip]]
]]>
</system-out>
<failure message="expect(locator).toBeVisible() failed" type="expect.toBeVisible">
<![CDATA[  [chromium] › mutual-funds\investment.spec.ts:53:7 › Mutual Fund Investment @mutual-funds @investment › TC-INV-003: zero amount investment is rejected @regression 

    Error: expect(locator).toBeVisible() failed

    Locator: getByTestId('invest-now-button')
    Expected: visible
    Timeout: 5000ms
    Error: element(s) not found

    Call log:
      - Expect "toBeVisible" with timeout 5000ms
      - waiting for getByTestId('invest-now-button')


       at ..\pages\FundDetailsPage.ts:27

      25 |
      26 |   async expectLoaded() {
    > 27 |     await expect(this.investButton).toBeVisible();
         |                                     ^
      28 |   }
      29 |
      30 |   async clickInvest() {
        at FundDetailsPage.expectLoaded (C:\Users\talentfarm_learner\financial-services-playwright-automation\pages\FundDetailsPage.ts:27:37)
        at navigateToFirstFundInvestmentForm (C:\Users\talentfarm_learner\financial-services-playwright-automation\tests\mutual-funds\investment.spec.ts:30:19)
        at C:\Users\talentfarm_learner\financial-services-playwright-automation\tests\mutual-funds\investment.spec.ts:54:5

    attachment #1: screenshot (image/png) ──────────────────────────────────────────────────────────
    ..\test-artifacts\mutual-funds-investment-Mu-0620f-ment-is-rejected-regression-chromium\test-failed-1.png
    ────────────────────────────────────────────────────────────────────────────────────────────────

    attachment #2: video (video/webm) ──────────────────────────────────────────────────────────────
    ..\test-artifacts\mutual-funds-investment-Mu-0620f-ment-is-rejected-regression-chromium\video.webm
    ────────────────────────────────────────────────────────────────────────────────────────────────

    Error Context: ..\test-artifacts\mutual-funds-investment-Mu-0620f-ment-is-rejected-regression-chromium\error-context.md

    attachment #4: trace (application/zip) ─────────────────────────────────────────────────────────
    ..\test-artifacts\mutual-funds-investment-Mu-0620f-ment-is-rejected-regression-chromium\trace.zip
    Usage:

        npx playwright show-trace ..\test-artifacts\mutual-funds-investment-Mu-0620f-ment-is-rejected-regression-chromium\trace.zip

    ────────────────────────────────────────────────────────────────────────────────────────────────
]]>
</failure>
</testcase>
<testcase name="Mutual Fund Investment @mutual-funds @investment › TC-INV-004: negative amount investment is rejected @regression" classname="mutual-funds\investment.spec.ts" time="9.118">
<system-out>
<![CDATA[
[[ATTACHMENT|..\test-artifacts\mutual-funds-investment-Mu-2612d-ment-is-rejected-regression-chromium\test-failed-1.png]]

[[ATTACHMENT|..\test-artifacts\mutual-funds-investment-Mu-2612d-ment-is-rejected-regression-chromium\video.webm]]

[[ATTACHMENT|..\test-artifacts\mutual-funds-investment-Mu-2612d-ment-is-rejected-regression-chromium\error-context.md]]

[[ATTACHMENT|..\test-artifacts\mutual-funds-investment-Mu-2612d-ment-is-rejected-regression-chromium\trace.zip]]
]]>
</system-out>
<failure message="expect(locator).toBeVisible() failed" type="expect.toBeVisible">
<![CDATA[  [chromium] › mutual-funds\investment.spec.ts:60:7 › Mutual Fund Investment @mutual-funds @investment › TC-INV-004: negative amount investment is rejected @regression 

    Error: expect(locator).toBeVisible() failed

    Locator: getByTestId('invest-now-button')
    Expected: visible
    Timeout: 5000ms
    Error: element(s) not found

    Call log:
      - Expect "toBeVisible" with timeout 5000ms
      - waiting for getByTestId('invest-now-button')


       at ..\pages\FundDetailsPage.ts:27

      25 |
      26 |   async expectLoaded() {
    > 27 |     await expect(this.investButton).toBeVisible();
         |                                     ^
      28 |   }
      29 |
      30 |   async clickInvest() {
        at FundDetailsPage.expectLoaded (C:\Users\talentfarm_learner\financial-services-playwright-automation\pages\FundDetailsPage.ts:27:37)
        at navigateToFirstFundInvestmentForm (C:\Users\talentfarm_learner\financial-services-playwright-automation\tests\mutual-funds\investment.spec.ts:30:19)
        at C:\Users\talentfarm_learner\financial-services-playwright-automation\tests\mutual-funds\investment.spec.ts:61:5

    attachment #1: screenshot (image/png) ──────────────────────────────────────────────────────────
    ..\test-artifacts\mutual-funds-investment-Mu-2612d-ment-is-rejected-regression-chromium\test-failed-1.png
    ────────────────────────────────────────────────────────────────────────────────────────────────

    attachment #2: video (video/webm) ──────────────────────────────────────────────────────────────
    ..\test-artifacts\mutual-funds-investment-Mu-2612d-ment-is-rejected-regression-chromium\video.webm
    ────────────────────────────────────────────────────────────────────────────────────────────────

    Error Context: ..\test-artifacts\mutual-funds-investment-Mu-2612d-ment-is-rejected-regression-chromium\error-context.md

    attachment #4: trace (application/zip) ─────────────────────────────────────────────────────────
    ..\test-artifacts\mutual-funds-investment-Mu-2612d-ment-is-rejected-regression-chromium\trace.zip
    Usage:

        npx playwright show-trace ..\test-artifacts\mutual-funds-investment-Mu-2612d-ment-is-rejected-regression-chromium\trace.zip

    ────────────────────────────────────────────────────────────────────────────────────────────────
]]>
</failure>
</testcase>
<testcase name="Mutual Fund Investment @mutual-funds @investment › TC-INV-005: non-numeric amount input is rejected @regression" classname="mutual-funds\investment.spec.ts" time="9.041">
<system-out>
<![CDATA[
[[ATTACHMENT|..\test-artifacts\mutual-funds-investment-Mu-66ae1-nput-is-rejected-regression-chromium\test-failed-1.png]]

[[ATTACHMENT|..\test-artifacts\mutual-funds-investment-Mu-66ae1-nput-is-rejected-regression-chromium\video.webm]]

[[ATTACHMENT|..\test-artifacts\mutual-funds-investment-Mu-66ae1-nput-is-rejected-regression-chromium\error-context.md]]

[[ATTACHMENT|..\test-artifacts\mutual-funds-investment-Mu-66ae1-nput-is-rejected-regression-chromium\trace.zip]]
]]>
</system-out>
<failure message="expect(locator).toBeVisible() failed" type="expect.toBeVisible">
<![CDATA[  [chromium] › mutual-funds\investment.spec.ts:67:7 › Mutual Fund Investment @mutual-funds @investment › TC-INV-005: non-numeric amount input is rejected @regression 

    Error: expect(locator).toBeVisible() failed

    Locator: getByTestId('invest-now-button')
    Expected: visible
    Timeout: 5000ms
    Error: element(s) not found

    Call log:
      - Expect "toBeVisible" with timeout 5000ms
      - waiting for getByTestId('invest-now-button')


       at ..\pages\FundDetailsPage.ts:27

      25 |
      26 |   async expectLoaded() {
    > 27 |     await expect(this.investButton).toBeVisible();
         |                                     ^
      28 |   }
      29 |
      30 |   async clickInvest() {
        at FundDetailsPage.expectLoaded (C:\Users\talentfarm_learner\financial-services-playwright-automation\pages\FundDetailsPage.ts:27:37)
        at navigateToFirstFundInvestmentForm (C:\Users\talentfarm_learner\financial-services-playwright-automation\tests\mutual-funds\investment.spec.ts:30:19)
        at C:\Users\talentfarm_learner\financial-services-playwright-automation\tests\mutual-funds\investment.spec.ts:68:5

    attachment #1: screenshot (image/png) ──────────────────────────────────────────────────────────
    ..\test-artifacts\mutual-funds-investment-Mu-66ae1-nput-is-rejected-regression-chromium\test-failed-1.png
    ────────────────────────────────────────────────────────────────────────────────────────────────

    attachment #2: video (video/webm) ──────────────────────────────────────────────────────────────
    ..\test-artifacts\mutual-funds-investment-Mu-66ae1-nput-is-rejected-regression-chromium\video.webm
    ────────────────────────────────────────────────────────────────────────────────────────────────

    Error Context: ..\test-artifacts\mutual-funds-investment-Mu-66ae1-nput-is-rejected-regression-chromium\error-context.md

    attachment #4: trace (application/zip) ─────────────────────────────────────────────────────────
    ..\test-artifacts\mutual-funds-investment-Mu-66ae1-nput-is-rejected-regression-chromium\trace.zip
    Usage:

        npx playwright show-trace ..\test-artifacts\mutual-funds-investment-Mu-66ae1-nput-is-rejected-regression-chromium\trace.zip

    ────────────────────────────────────────────────────────────────────────────────────────────────
]]>
</failure>
</testcase>
<testcase name="Mutual Fund Investment @mutual-funds @investment › TC-INV-006: SIP investment path can be selected and submitted @regression" classname="mutual-funds\investment.spec.ts" time="8.751">
<system-out>
<![CDATA[
[[ATTACHMENT|..\test-artifacts\mutual-funds-investment-Mu-9f3db-ed-and-submitted-regression-chromium\test-failed-1.png]]

[[ATTACHMENT|..\test-artifacts\mutual-funds-investment-Mu-9f3db-ed-and-submitted-regression-chromium\video.webm]]

[[ATTACHMENT|..\test-artifacts\mutual-funds-investment-Mu-9f3db-ed-and-submitted-regression-chromium\error-context.md]]

[[ATTACHMENT|..\test-artifacts\mutual-funds-investment-Mu-9f3db-ed-and-submitted-regression-chromium\trace.zip]]
]]>
</system-out>
<failure message="expect(locator).toBeVisible() failed" type="expect.toBeVisible">
<![CDATA[  [chromium] › mutual-funds\investment.spec.ts:74:7 › Mutual Fund Investment @mutual-funds @investment › TC-INV-006: SIP investment path can be selected and submitted @regression 

    Error: expect(locator).toBeVisible() failed

    Locator: getByTestId('invest-now-button')
    Expected: visible
    Timeout: 5000ms
    Error: element(s) not found

    Call log:
      - Expect "toBeVisible" with timeout 5000ms
      - waiting for getByTestId('invest-now-button')


       at ..\pages\FundDetailsPage.ts:27

      25 |
      26 |   async expectLoaded() {
    > 27 |     await expect(this.investButton).toBeVisible();
         |                                     ^
      28 |   }
      29 |
      30 |   async clickInvest() {
        at FundDetailsPage.expectLoaded (C:\Users\talentfarm_learner\financial-services-playwright-automation\pages\FundDetailsPage.ts:27:37)
        at navigateToFirstFundInvestmentForm (C:\Users\talentfarm_learner\financial-services-playwright-automation\tests\mutual-funds\investment.spec.ts:30:19)
        at C:\Users\talentfarm_learner\financial-services-playwright-automation\tests\mutual-funds\investment.spec.ts:75:5

    attachment #1: screenshot (image/png) ──────────────────────────────────────────────────────────
    ..\test-artifacts\mutual-funds-investment-Mu-9f3db-ed-and-submitted-regression-chromium\test-failed-1.png
    ────────────────────────────────────────────────────────────────────────────────────────────────

    attachment #2: video (video/webm) ──────────────────────────────────────────────────────────────
    ..\test-artifacts\mutual-funds-investment-Mu-9f3db-ed-and-submitted-regression-chromium\video.webm
    ────────────────────────────────────────────────────────────────────────────────────────────────

    Error Context: ..\test-artifacts\mutual-funds-investment-Mu-9f3db-ed-and-submitted-regression-chromium\error-context.md

    attachment #4: trace (application/zip) ─────────────────────────────────────────────────────────
    ..\test-artifacts\mutual-funds-investment-Mu-9f3db-ed-and-submitted-regression-chromium\trace.zip
    Usage:

        npx playwright show-trace ..\test-artifacts\mutual-funds-investment-Mu-9f3db-ed-and-submitted-regression-chromium\trace.zip

    ────────────────────────────────────────────────────────────────────────────────────────────────
]]>
</failure>
</testcase>
<testcase name="Mutual Fund Investment @mutual-funds @investment › TC-INV-007: submitting without accepting mandatory declaration is blocked @regression" classname="mutual-funds\investment.spec.ts" time="8.886">
<system-out>
<![CDATA[
[[ATTACHMENT|..\test-artifacts\mutual-funds-investment-Mu-53128-ation-is-blocked-regression-chromium\test-failed-1.png]]

[[ATTACHMENT|..\test-artifacts\mutual-funds-investment-Mu-53128-ation-is-blocked-regression-chromium\video.webm]]

[[ATTACHMENT|..\test-artifacts\mutual-funds-investment-Mu-53128-ation-is-blocked-regression-chromium\error-context.md]]

[[ATTACHMENT|..\test-artifacts\mutual-funds-investment-Mu-53128-ation-is-blocked-regression-chromium\trace.zip]]
]]>
</system-out>
<failure message="expect(locator).toBeVisible() failed" type="expect.toBeVisible">
<![CDATA[  [chromium] › mutual-funds\investment.spec.ts:84:7 › Mutual Fund Investment @mutual-funds @investment › TC-INV-007: submitting without accepting mandatory declaration is blocked @regression 

    Error: expect(locator).toBeVisible() failed

    Locator: getByTestId('invest-now-button')
    Expected: visible
    Timeout: 5000ms
    Error: element(s) not found

    Call log:
      - Expect "toBeVisible" with timeout 5000ms
      - waiting for getByTestId('invest-now-button')


       at ..\pages\FundDetailsPage.ts:27

      25 |
      26 |   async expectLoaded() {
    > 27 |     await expect(this.investButton).toBeVisible();
         |                                     ^
      28 |   }
      29 |
      30 |   async clickInvest() {
        at FundDetailsPage.expectLoaded (C:\Users\talentfarm_learner\financial-services-playwright-automation\pages\FundDetailsPage.ts:27:37)
        at navigateToFirstFundInvestmentForm (C:\Users\talentfarm_learner\financial-services-playwright-automation\tests\mutual-funds\investment.spec.ts:30:19)
        at C:\Users\talentfarm_learner\financial-services-playwright-automation\tests\mutual-funds\investment.spec.ts:85:5

    attachment #1: screenshot (image/png) ──────────────────────────────────────────────────────────
    ..\test-artifacts\mutual-funds-investment-Mu-53128-ation-is-blocked-regression-chromium\test-failed-1.png
    ────────────────────────────────────────────────────────────────────────────────────────────────

    attachment #2: video (video/webm) ──────────────────────────────────────────────────────────────
    ..\test-artifacts\mutual-funds-investment-Mu-53128-ation-is-blocked-regression-chromium\video.webm
    ────────────────────────────────────────────────────────────────────────────────────────────────

    Error Context: ..\test-artifacts\mutual-funds-investment-Mu-53128-ation-is-blocked-regression-chromium\error-context.md

    attachment #4: trace (application/zip) ─────────────────────────────────────────────────────────
    ..\test-artifacts\mutual-funds-investment-Mu-53128-ation-is-blocked-regression-chromium\trace.zip
    Usage:

        npx playwright show-trace ..\test-artifacts\mutual-funds-investment-Mu-53128-ation-is-blocked-regression-chromium\trace.zip

    ────────────────────────────────────────────────────────────────────────────────────────────────
]]>
</failure>
</testcase>
</testsuite>
</testsuites>